Started GET "/" for 127.0.0.1 at 2022-12-22 17:07:37 -0500
Processing by Rails::WelcomeController#index as HTML
  Rendering /Users/philippebourdages/.gem/ruby/3.1.3/gems/railties-7.0.4/lib/rails/templates/rails/welcome/index.html.erb
  Rendered /Users/philippebourdages/.gem/ruby/3.1.3/gems/railties-7.0.4/lib/rails/templates/rails/welcome/index.html.erb (Duration: 1.1ms | Allocations: 585)
Completed 200 OK in 10ms (Views: 3.9ms | ActiveRecord: 0.0ms | Allocations: 4634)


Started GET "/" for 127.0.0.1 at 2022-12-22 17:07:42 -0500
Processing by Rails::WelcomeController#index as HTML
  Rendering /Users/philippebourdages/.gem/ruby/3.1.3/gems/railties-7.0.4/lib/rails/templates/rails/welcome/index.html.erb
  Rendered /Users/philippebourdages/.gem/ruby/3.1.3/gems/railties-7.0.4/lib/rails/templates/rails/welcome/index.html.erb (Duration: 0.8ms | Allocations: 281)
Completed 200 OK in 4ms (Views: 2.1ms | ActiveRecord: 0.0ms | Allocations: 963)


Started GET "/" for 127.0.0.1 at 2022-12-22 17:09:35 -0500
  
ActionController::RoutingError (uninitialized constant WelcomeController

      Object.const_get(camel_cased_word)
            ^^^^^^^^^^

            raise MissingController.new(error.message, error.name)
            ^^^^^):
  
Started GET "/" for 127.0.0.1 at 2022-12-22 17:10:10 -0500
Processing by WelcomeController#index as HTML
  Rendering layout layouts/application.html.erb
  Rendering welcome/index.html.erb within layouts/application
  Rendered welcome/index.html.erb within layouts/application (Duration: 0.2ms | Allocations: 102)
  Rendered layout layouts/application.html.erb (Duration: 441.1ms | Allocations: 72384)
Completed 200 OK in 443ms (Views: 442.2ms | Allocations: 73334)


